{"log":
 [{"message":
   ".> LEAN_PATH=././.lake/packages/batteries/.lake/build/lib:././.lake/packages/Qq/.lake/build/lib:././.lake/packages/aesop/.lake/build/lib:././.lake/packages/proofwidgets/.lake/build/lib:././.lake/packages/Cli/.lake/build/lib:././.lake/packages/importGraph/.lake/build/lib:././.lake/packages/LeanSearchClient/.lake/build/lib:././.lake/packages/mathlib/.lake/build/lib:././.lake/build/lib DYLD_LIBRARY_PATH= /Users/jonathanwashburn/.elan/toolchains/leanprover--lean4---v4.12.0/bin/lean -DautoImplicit=false ./././Src/PvsNP/RecognitionBound.lean -R ./././Src -o ././.lake/build/lib/PvsNP/RecognitionBound.olean -i ././.lake/build/lib/PvsNP/RecognitionBound.ilean -c ././.lake/build/ir/PvsNP/RecognitionBound.c --json",
   "level": "trace"},
  {"message":
   "./././Src/PvsNP/RecognitionBound.lean:40:8: declaration uses 'sorry'",
   "level": "warning"},
  {"message":
   "./././Src/PvsNP/RecognitionBound.lean:52:8: declaration uses 'sorry'",
   "level": "warning"},
  {"message":
   "./././Src/PvsNP/RecognitionBound.lean:60:8: declaration uses 'sorry'",
   "level": "warning"},
  {"message":
   "./././Src/PvsNP/RecognitionBound.lean:81:8: unused variable `h_pos`\nnote: this linter can be disabled with `set_option linter.unusedVariables false`",
   "level": "warning"},
  {"message":
   "./././Src/PvsNP/RecognitionBound.lean:88:5: unused variable `recognition_algorithm`\nnote: this linter can be disabled with `set_option linter.unusedVariables false`",
   "level": "warning"},
  {"message":
   "./././Src/PvsNP/RecognitionBound.lean:91:16: unused variable `recognition_algorithm`\nnote: this linter can be disabled with `set_option linter.unusedVariables false`",
   "level": "warning"},
  {"message":
   "./././Src/PvsNP/RecognitionBound.lean:99:6: unused variable `T_c`\nnote: this linter can be disabled with `set_option linter.unusedVariables false`",
   "level": "warning"}],
 "depHash": "13361495308852772391"}